<?xml version="1.0" encoding="UTF-8"?>
<!-- Generated by org.testng.reporters.JUnitReportReporter -->
<testsuite hostname="LAPTOP-1P4OD8CL" failures="0" tests="1" name="Testcases.TC002" time="46.084" errors="0" timestamp="28 Sep 2022 07:18:37 GMT">
  <testcase classname="Testcases.TC002" name="TC002" time="46.084"/>
</testsuite> <!-- Testcases.TC002 -->
