<?xml version="1.0" encoding="UTF-8"?>
<!-- Generated by org.testng.reporters.JUnitReportReporter -->
<testsuite hostname="LAPTOP-1P4OD8CL" failures="0" tests="1" name="Testcases.TC001" time="13.922" errors="0" timestamp="28 Sep 2022 07:18:37 GMT">
  <testcase classname="Testcases.TC001" name="TC001" time="13.922"/>
</testsuite> <!-- Testcases.TC001 -->
